[node006:11637] mca: base: component_find: unable to open /cm/shared/apps/openmpi/gcc/64/1.10.3/lib64/openmpi/mca_mtl_psm: libpsm_infinipath.so.1: cannot open shared object file: No such file or directory (ignored)
[node004:04871] mca: base: component_find: unable to open /cm/shared/apps/openmpi/gcc/64/1.10.3/lib64/openmpi/mca_mtl_psm: libpsm_infinipath.so.1: cannot open shared object file: No such file or directory (ignored)
[node006:11639] mca: base: component_find: unable to open /cm/shared/apps/openmpi/gcc/64/1.10.3/lib64/openmpi/mca_mtl_psm: libpsm_infinipath.so.1: cannot open shared object file: No such file or directory (ignored)
[node004:04872] mca: base: component_find: unable to open /cm/shared/apps/openmpi/gcc/64/1.10.3/lib64/openmpi/mca_mtl_psm: libpsm_infinipath.so.1: cannot open shared object file: No such file or directory (ignored)
[node004:04873] mca: base: component_find: unable to open /cm/shared/apps/openmpi/gcc/64/1.10.3/lib64/openmpi/mca_mtl_psm: libpsm_infinipath.so.1: cannot open shared object file: No such file or directory (ignored)
[node031:17732] mca: base: component_find: unable to open /cm/shared/apps/openmpi/gcc/64/1.10.3/lib64/openmpi/mca_mtl_psm: libpsm_infinipath.so.1: cannot open shared object file: No such file or directory (ignored)
[node031:17734] mca: base: component_find: unable to open /cm/shared/apps/openmpi/gcc/64/1.10.3/lib64/openmpi/mca_mtl_psm: libpsm_infinipath.so.1: cannot open shared object file: No such file or directory (ignored)
[node006:11638] mca: base: component_find: unable to open /cm/shared/apps/openmpi/gcc/64/1.10.3/lib64/openmpi/mca_mtl_psm: libpsm_infinipath.so.1: cannot open shared object file: No such file or directory (ignored)
[node004:04874] mca: base: component_find: unable to open /cm/shared/apps/openmpi/gcc/64/1.10.3/lib64/openmpi/mca_mtl_psm: libpsm_infinipath.so.1: cannot open shared object file: No such file or directory (ignored)
[node033:05841] mca: base: component_find: unable to open /cm/shared/apps/openmpi/gcc/64/1.10.3/lib64/openmpi/mca_mtl_psm: libpsm_infinipath.so.1: cannot open shared object file: No such file or directory (ignored)
[node007:28785] mca: base: component_find: unable to open /cm/shared/apps/openmpi/gcc/64/1.10.3/lib64/openmpi/mca_mtl_psm: libpsm_infinipath.so.1: cannot open shared object file: No such file or directory (ignored)
[node006:11640] mca: base: component_find: unable to open /cm/shared/apps/openmpi/gcc/64/1.10.3/lib64/openmpi/mca_mtl_psm: libpsm_infinipath.so.1: cannot open shared object file: No such file or directory (ignored)
[node032:12294] mca: base: component_find: unable to open /cm/shared/apps/openmpi/gcc/64/1.10.3/lib64/openmpi/mca_mtl_psm: libpsm_infinipath.so.1: cannot open shared object file: No such file or directory (ignored)
[node007:28787] mca: base: component_find: unable to open /cm/shared/apps/openmpi/gcc/64/1.10.3/lib64/openmpi/mca_mtl_psm: libpsm_infinipath.so.1: cannot open shared object file: No such file or directory (ignored)
[node032:12295] mca: base: component_find: unable to open /cm/shared/apps/openmpi/gcc/64/1.10.3/lib64/openmpi/mca_mtl_psm: libpsm_infinipath.so.1: cannot open shared object file: No such file or directory (ignored)
[node031:17735] mca: base: component_find: unable to open /cm/shared/apps/openmpi/gcc/64/1.10.3/lib64/openmpi/mca_mtl_psm: libpsm_infinipath.so.1: cannot open shared object file: No such file or directory (ignored)
[node033:05843] mca: base: component_find: unable to open /cm/shared/apps/openmpi/gcc/64/1.10.3/lib64/openmpi/mca_mtl_psm: libpsm_infinipath.so.1: cannot open shared object file: No such file or directory (ignored)
[node031:17733] mca: base: component_find: unable to open /cm/shared/apps/openmpi/gcc/64/1.10.3/lib64/openmpi/mca_mtl_psm: libpsm_infinipath.so.1: cannot open shared object file: No such file or directory (ignored)
[node007:28786] mca: base: component_find: unable to open /cm/shared/apps/openmpi/gcc/64/1.10.3/lib64/openmpi/mca_mtl_psm: libpsm_infinipath.so.1: cannot open shared object file: No such file or directory (ignored)
[node033:05842] mca: base: component_find: unable to open /cm/shared/apps/openmpi/gcc/64/1.10.3/lib64/openmpi/mca_mtl_psm: libpsm_infinipath.so.1: cannot open shared object file: No such file or directory (ignored)
[node033:05844] mca: base: component_find: unable to open /cm/shared/apps/openmpi/gcc/64/1.10.3/lib64/openmpi/mca_mtl_psm: libpsm_infinipath.so.1: cannot open shared object file: No such file or directory (ignored)
[node038:12188] mca: base: component_find: unable to open /cm/shared/apps/openmpi/gcc/64/1.10.3/lib64/openmpi/mca_mtl_psm: libpsm_infinipath.so.1: cannot open shared object file: No such file or directory (ignored)
[node038:12190] mca: base: component_find: unable to open /cm/shared/apps/openmpi/gcc/64/1.10.3/lib64/openmpi/mca_mtl_psm: libpsm_infinipath.so.1: cannot open shared object file: No such file or directory (ignored)
[node007:28788] mca: base: component_find: unable to open /cm/shared/apps/openmpi/gcc/64/1.10.3/lib64/openmpi/mca_mtl_psm: libpsm_infinipath.so.1: cannot open shared object file: No such file or directory (ignored)
[node032:12297] mca: base: component_find: unable to open /cm/shared/apps/openmpi/gcc/64/1.10.3/lib64/openmpi/mca_mtl_psm: libpsm_infinipath.so.1: cannot open shared object file: No such file or directory (ignored)
[node032:12296] mca: base: component_find: unable to open /cm/shared/apps/openmpi/gcc/64/1.10.3/lib64/openmpi/mca_mtl_psm: libpsm_infinipath.so.1: cannot open shared object file: No such file or directory (ignored)
[node038:12189] mca: base: component_find: unable to open /cm/shared/apps/openmpi/gcc/64/1.10.3/lib64/openmpi/mca_mtl_psm: libpsm_infinipath.so.1: cannot open shared object file: No such file or directory (ignored)
[node038:12191] mca: base: component_find: unable to open /cm/shared/apps/openmpi/gcc/64/1.10.3/lib64/openmpi/mca_mtl_psm: libpsm_infinipath.so.1: cannot open shared object file: No such file or directory (ignored)
[node030:08229] mca: base: component_find: unable to open /cm/shared/apps/openmpi/gcc/64/1.10.3/lib64/openmpi/mca_mtl_psm: libpsm_infinipath.so.1: cannot open shared object file: No such file or directory (ignored)
[node030:08226] mca: base: component_find: unable to open /cm/shared/apps/openmpi/gcc/64/1.10.3/lib64/openmpi/mca_mtl_psm: libpsm_infinipath.so.1: cannot open shared object file: No such file or directory (ignored)
[node020:11634] mca: base: component_find: unable to open /cm/shared/apps/openmpi/gcc/64/1.10.3/lib64/openmpi/mca_mtl_psm: libpsm_infinipath.so.1: cannot open shared object file: No such file or directory (ignored)
[node020:11630] mca: base: component_find: unable to open /cm/shared/apps/openmpi/gcc/64/1.10.3/lib64/openmpi/mca_mtl_psm: libpsm_infinipath.so.1: cannot open shared object file: No such file or directory (ignored)
[node030:08228] mca: base: component_find: unable to open /cm/shared/apps/openmpi/gcc/64/1.10.3/lib64/openmpi/mca_mtl_psm: libpsm_infinipath.so.1: cannot open shared object file: No such file or directory (ignored)
[node030:08230] mca: base: component_find: unable to open /cm/shared/apps/openmpi/gcc/64/1.10.3/lib64/openmpi/mca_mtl_psm: libpsm_infinipath.so.1: cannot open shared object file: No such file or directory (ignored)
[node020:11633] mca: base: component_find: unable to open /cm/shared/apps/openmpi/gcc/64/1.10.3/lib64/openmpi/mca_mtl_psm: libpsm_infinipath.so.1: cannot open shared object file: No such file or directory (ignored)
[node020:11632] mca: base: component_find: unable to open /cm/shared/apps/openmpi/gcc/64/1.10.3/lib64/openmpi/mca_mtl_psm: libpsm_infinipath.so.1: cannot open shared object file: No such file or directory (ignored)
[node021:32364] mca: base: component_find: unable to open /cm/shared/apps/openmpi/gcc/64/1.10.3/lib64/openmpi/mca_mtl_psm: libpsm_infinipath.so.1: cannot open shared object file: No such file or directory (ignored)
[node021:32365] mca: base: component_find: unable to open /cm/shared/apps/openmpi/gcc/64/1.10.3/lib64/openmpi/mca_mtl_psm: libpsm_infinipath.so.1: cannot open shared object file: No such file or directory (ignored)
[node021:32362] mca: base: component_find: unable to open /cm/shared/apps/openmpi/gcc/64/1.10.3/lib64/openmpi/mca_mtl_psm: libpsm_infinipath.so.1: cannot open shared object file: No such file or directory (ignored)
[node021:32366] mca: base: component_find: unable to open /cm/shared/apps/openmpi/gcc/64/1.10.3/lib64/openmpi/mca_mtl_psm: libpsm_infinipath.so.1: cannot open shared object file: No such file or directory (ignored)
[node010:27006] mca: base: component_find: unable to open /cm/shared/apps/openmpi/gcc/64/1.10.3/lib64/openmpi/mca_mtl_psm: libpsm_infinipath.so.1: cannot open shared object file: No such file or directory (ignored)
[node010:27007] mca: base: component_find: unable to open /cm/shared/apps/openmpi/gcc/64/1.10.3/lib64/openmpi/mca_mtl_psm: libpsm_infinipath.so.1: cannot open shared object file: No such file or directory (ignored)
[node010:27008] mca: base: component_find: unable to open /cm/shared/apps/openmpi/gcc/64/1.10.3/lib64/openmpi/mca_mtl_psm: libpsm_infinipath.so.1: cannot open shared object file: No such file or directory (ignored)
[node010:27009] mca: base: component_find: unable to open /cm/shared/apps/openmpi/gcc/64/1.10.3/lib64/openmpi/mca_mtl_psm: libpsm_infinipath.so.1: cannot open shared object file: No such file or directory (ignored)
[node011:08901] mca: base: component_find: unable to open /cm/shared/apps/openmpi/gcc/64/1.10.3/lib64/openmpi/mca_mtl_psm: libpsm_infinipath.so.1: cannot open shared object file: No such file or directory (ignored)
[node011:08902] mca: base: component_find: unable to open /cm/shared/apps/openmpi/gcc/64/1.10.3/lib64/openmpi/mca_mtl_psm: libpsm_infinipath.so.1: cannot open shared object file: No such file or directory (ignored)
[node011:08903] mca: base: component_find: unable to open /cm/shared/apps/openmpi/gcc/64/1.10.3/lib64/openmpi/mca_mtl_psm: libpsm_infinipath.so.1: cannot open shared object file: No such file or directory (ignored)
[node011:08904] mca: base: component_find: unable to open /cm/shared/apps/openmpi/gcc/64/1.10.3/lib64/openmpi/mca_mtl_psm: libpsm_infinipath.so.1: cannot open shared object file: No such file or directory (ignored)
[node028:10820] mca: base: component_find: unable to open /cm/shared/apps/openmpi/gcc/64/1.10.3/lib64/openmpi/mca_mtl_psm: libpsm_infinipath.so.1: cannot open shared object file: No such file or directory (ignored)
[node028:10817] mca: base: component_find: unable to open /cm/shared/apps/openmpi/gcc/64/1.10.3/lib64/openmpi/mca_mtl_psm: libpsm_infinipath.so.1: cannot open shared object file: No such file or directory (ignored)
[node022:16098] mca: base: component_find: unable to open /cm/shared/apps/openmpi/gcc/64/1.10.3/lib64/openmpi/mca_mtl_psm: libpsm_infinipath.so.1: cannot open shared object file: No such file or directory (ignored)
[node028:10818] mca: base: component_find: unable to open /cm/shared/apps/openmpi/gcc/64/1.10.3/lib64/openmpi/mca_mtl_psm: libpsm_infinipath.so.1: cannot open shared object file: No such file or directory (ignored)
[node022:16099] mca: base: component_find: unable to open /cm/shared/apps/openmpi/gcc/64/1.10.3/lib64/openmpi/mca_mtl_psm: libpsm_infinipath.so.1: cannot open shared object file: No such file or directory (ignored)
[node028:10819] mca: base: component_find: unable to open /cm/shared/apps/openmpi/gcc/64/1.10.3/lib64/openmpi/mca_mtl_psm: libpsm_infinipath.so.1: cannot open shared object file: No such file or directory (ignored)
[node022:16100] mca: base: component_find: unable to open /cm/shared/apps/openmpi/gcc/64/1.10.3/lib64/openmpi/mca_mtl_psm: libpsm_infinipath.so.1: cannot open shared object file: No such file or directory (ignored)
[node022:16101] mca: base: component_find: unable to open /cm/shared/apps/openmpi/gcc/64/1.10.3/lib64/openmpi/mca_mtl_psm: libpsm_infinipath.so.1: cannot open shared object file: No such file or directory (ignored)
[node012:11134] mca: base: component_find: unable to open /cm/shared/apps/openmpi/gcc/64/1.10.3/lib64/openmpi/mca_mtl_psm: libpsm_infinipath.so.1: cannot open shared object file: No such file or directory (ignored)
[node012:11135] mca: base: component_find: unable to open /cm/shared/apps/openmpi/gcc/64/1.10.3/lib64/openmpi/mca_mtl_psm: libpsm_infinipath.so.1: cannot open shared object file: No such file or directory (ignored)
[node012:11132] mca: base: component_find: unable to open /cm/shared/apps/openmpi/gcc/64/1.10.3/lib64/openmpi/mca_mtl_psm: libpsm_infinipath.so.1: cannot open shared object file: No such file or directory (ignored)
[node012:11136] mca: base: component_find: unable to open /cm/shared/apps/openmpi/gcc/64/1.10.3/lib64/openmpi/mca_mtl_psm: libpsm_infinipath.so.1: cannot open shared object file: No such file or directory (ignored)
[node029:13629] mca: base: component_find: unable to open /cm/shared/apps/openmpi/gcc/64/1.10.3/lib64/openmpi/mca_mtl_psm: libpsm_infinipath.so.1: cannot open shared object file: No such file or directory (ignored)
[node029:13630] mca: base: component_find: unable to open /cm/shared/apps/openmpi/gcc/64/1.10.3/lib64/openmpi/mca_mtl_psm: libpsm_infinipath.so.1: cannot open shared object file: No such file or directory (ignored)
[node029:13632] mca: base: component_find: unable to open /cm/shared/apps/openmpi/gcc/64/1.10.3/lib64/openmpi/mca_mtl_psm: libpsm_infinipath.so.1: cannot open shared object file: No such file or directory (ignored)
[node029:13631] mca: base: component_find: unable to open /cm/shared/apps/openmpi/gcc/64/1.10.3/lib64/openmpi/mca_mtl_psm: libpsm_infinipath.so.1: cannot open shared object file: No such file or directory (ignored)
                      :-) GROMACS - mdrun_mpi, 2016.3 (-:

                            GROMACS is written by:
     Emile Apol      Rossen Apostolov  Herman J.C. Berendsen    Par Bjelkmar   
 Aldert van Buuren   Rudi van Drunen     Anton Feenstra    Gerrit Groenhof  
 Christoph Junghans   Anca Hamuraru    Vincent Hindriksen Dimitrios Karkoulis
    Peter Kasson        Jiri Kraus      Carsten Kutzner      Per Larsson    
  Justin A. Lemkul   Magnus Lundborg   Pieter Meulenhoff    Erik Marklund   
   Teemu Murtola       Szilard Pall       Sander Pronk      Roland Schulz   
  Alexey Shvetsov     Michael Shirts     Alfons Sijbers     Peter Tieleman  
  Teemu Virolainen  Christian Wennberg    Maarten Wolf   
                           and the project leaders:
        Mark Abraham, Berk Hess, Erik Lindahl, and David van der Spoel

Copyright (c) 1991-2000, University of Groningen, The Netherlands.
Copyright (c) 2001-2017, The GROMACS development team at
Uppsala University, Stockholm University and
the Royal Institute of Technology, Sweden.
check out http://www.gromacs.org for more information.

GROMACS is free software; you can redistribute it and/or modify it
under the terms of the GNU Lesser General Public License
as published by the Free Software Foundation; either version 2.1
of the License, or (at your option) any later version.

GROMACS:      mdrun_mpi, version 2016.3
Executable:   /cm/shared/apps/gromacs/2016.3/bin/mdrun_mpi
Data prefix:  /cm/shared/apps/gromacs/2016.3
Working dir:  /home/tntech.edu/sw-arkerley/gromacs/3000k448C-atoms
Command line:
  mdrun_mpi 7 -s benchmark.tpr -g bench_mpi.log


NOTE: Error occurred during GPU detection:
      CUDA driver version is insufficient for CUDA runtime version
      Can not use GPU acceleration, will fall back to CPU kernels.


Running on 16 nodes with total 448 cores, 448 logical cores, 0 compatible GPUs
  Cores per node:           28
  Logical cores per node:   28
  Compatible GPUs per node:  0
Hardware detected on host node004 (the node of MPI rank 0):
  CPU info:
    Vendor: Intel
    Brand:  Intel(R) Xeon(R) CPU E5-2680 v4 @ 2.40GHz
    SIMD instructions most likely to fit this hardware: AVX2_256
    SIMD instructions selected at GROMACS compile time: AVX2_256

  Hardware topology: Basic

Reading file benchmark.tpr, VERSION 5.1.4 (single precision)
Note: file tpx version 103, software tpx version 110
Changing nstlist from 10 to 25, rlist from 1.2 to 1.223


Will use 48 particle-particle and 16 PME only ranks
This is a guess, check the performance at the end of the log file
Using 64 MPI processes
Using 7 OpenMP threads per MPI process


Non-default thread affinity set probably by the OpenMP library,
disabling internal thread affinity
starting mdrun 'Her1-Her1'
10000 steps,     20.0 ps.

step 75 Turning on dynamic load balancing, because the performance loss due to load imbalance is 5.1 %.


step 500 Turning off dynamic load balancing, because it is degrading performance.


step 2500 Turning on dynamic load balancing, because the performance loss due to load imbalance is 5.3 %.


Writing final coordinates.

 Average load imbalance: 11.1 %
 Part of the total run time spent waiting due to load imbalance: 6.4 %
 Steps where the load balancing was limited by -rdd, -rcon and/or -dds: X 0 % Y 0 %
 Average PME mesh/force load: 0.997
 Part of the total run time spent waiting due to PP/PME imbalance: 0.1 %

NOTE: 6.4 % of the available CPU time was lost due to load imbalance
      in the domain decomposition.


               Core t (s)   Wall t (s)        (%)
       Time:   155331.442      346.722    44800.0
                 (ns/day)    (hour/ns)
Performance:        4.984        4.815

GROMACS reminds you: "Those people who think they know everything are a great annoyance to those of us who do." (Isaac Asimov)

